[debug] [2023-04-02T23:16:52.332Z] ----------------------------------------------------------------------
[debug] [2023-04-02T23:16:52.337Z] Command:       C:\Program Files\nodejs\node.exe C:\Users\Administrator\AppData\Roaming\npm\node_modules\firebase-tools\lib\bin\firebase.js init
[debug] [2023-04-02T23:16:52.338Z] CLI Version:   11.25.2
[debug] [2023-04-02T23:16:52.338Z] Platform:      win32
[debug] [2023-04-02T23:16:52.338Z] Node Version:  v18.15.0
[debug] [2023-04-02T23:16:52.340Z] Time:          Sun Apr 02 2023 19:16:52 GMT-0400 (Eastern Daylight Time)
[debug] [2023-04-02T23:16:52.340Z] ----------------------------------------------------------------------
[debug] 
[debug] [2023-04-02T23:16:52.461Z] > command requires scopes: ["email","openid","https://www.googleapis.com/auth/cloudplatformprojects.readonly","https://www.googleapis.com/auth/firebase","https://www.googleapis.com/auth/cloud-platform"]
[debug] [2023-04-02T23:16:52.462Z] > authorizing via signed-in user (diksha.singh041906@gmail.com)
[info] 
     ######## #### ########  ######## ########     ###     ######  ########
     ##        ##  ##     ## ##       ##     ##  ##   ##  ##       ##
     ######    ##  ########  ######   ########  #########  ######  ######
     ##        ##  ##    ##  ##       ##     ## ##     ##       ## ##
     ##       #### ##     ## ######## ########  ##     ##  ######  ########

You're about to initialize a Firebase project in this directory:

  C:\Users\Administrator

Before we get started, keep in mind:

  * You are initializing within an existing Firebase project directory

[info] 
=== Project Setup
[info] 
[info] First, let's associate this project directory with a Firebase project.
[info] You can create multiple project aliases by running firebase use --add, 
[info] but for now we'll just set up a default project.
[info] 
[debug] [2023-04-02T23:17:10.109Z] Using project from CLI flag: joey-helps
[debug] [2023-04-02T23:17:10.111Z] > refreshing access token with scopes: []
[debug] [2023-04-02T23:17:10.117Z] >>> [apiv2][query] POST https://www.googleapis.com/oauth2/v3/token [none]
[debug] [2023-04-02T23:17:10.117Z] >>> [apiv2][body] POST https://www.googleapis.com/oauth2/v3/token [omitted]
[debug] [2023-04-02T23:17:10.409Z] <<< [apiv2][status] POST https://www.googleapis.com/oauth2/v3/token 200
[debug] [2023-04-02T23:17:10.409Z] <<< [apiv2][body] POST https://www.googleapis.com/oauth2/v3/token [omitted]
[debug] [2023-04-02T23:17:10.422Z] >>> [apiv2][query] GET https://firebase.googleapis.com/v1beta1/projects/joey-helps [none]
[debug] [2023-04-02T23:17:10.727Z] <<< [apiv2][status] GET https://firebase.googleapis.com/v1beta1/projects/joey-helps 200
[debug] [2023-04-02T23:17:10.728Z] <<< [apiv2][body] GET https://firebase.googleapis.com/v1beta1/projects/joey-helps {"projectId":"joey-helps","projectNumber":"112207250972","displayName":"Joey-Helps","name":"projects/joey-helps","resources":{"hostingSite":"joey-helps","realtimeDatabaseInstance":"joey-helps-default-rtdb"},"state":"ACTIVE","etag":"1_4d2f3d0d-be67-4402-b80b-4cc097d8efbf"}
[info] i  Using project joey-helps (Joey-Helps) 
[info] 
=== Hosting Setup
[info] 
[info] Your public directory is the folder (relative to your project directory) that
[info] will contain Hosting assets to be uploaded with firebase deploy. If you
[info] have a build process for your assets, use your build's output directory.
[info] 
